# JRE version: OpenJDK Runtime Environment (11.0.11+9) (build 11.0.11+9-b60-7590822)
# Java VM: OpenJDK 64-Bit Server VM (11.0.11+9-b60-7590822, mixed mode, tiered, compressed oops, g1 gc, windows-amd64)
Heap:
 garbage-first heap   total 227328K, used 156260K [0x0000000080000000, 0x0000000100000000)
  region size 1024K, 52 young (53248K), 8 survivors (8192K)
 Metaspace       used 99566K, capacity 101881K, committed 102204K, reserved 1138688K
  class space    used 12653K, capacity 13535K, committed 13644K, reserved 1048576K
GC Heap History (20 events):
Event: 12.528 GC heap before
{Heap before GC invocations=16 (full 0):
 garbage-first heap   total 189440K, used 144464K [0x0000000080000000, 0x0000000100000000)
  region size 1024K, 91 young (93184K), 9 survivors (9216K)
 Metaspace       used 71803K, capacity 73304K, committed 73456K, reserved 1114112K
  class space    used 9284K, capacity 9849K, committed 9932K, reserved 1048576K
}
Event: 12.546 GC heap after
{Heap after GC invocations=17 (full 0):
 garbage-first heap   total 189440K, used 66447K [0x0000000080000000, 0x0000000100000000)
  region size 1024K, 12 young (12288K), 12 survivors (12288K)
 Metaspace       used 71803K, capacity 73304K, committed 73456K, reserved 1114112K
  class space    used 9284K, capacity 9849K, committed 9932K, reserved 1048576K
}
Event: 14.830 GC heap before
{Heap before GC invocations=17 (full 0):
 garbage-first heap   total 189440K, used 147343K [0x0000000080000000, 0x0000000100000000)
  region size 1024K, 91 young (93184K), 12 survivors (12288K)
 Metaspace       used 78835K, capacity 80573K, committed 80752K, reserved 1120256K
  class space    used 10273K, capacity 10982K, committed 11084K, reserved 1048576K
}
Event: 14.848 GC heap after
{Heap after GC invocations=18 (full 0):
 garbage-first heap   total 189440K, used 72282K [0x0000000080000000, 0x0000000100000000)
  region size 1024K, 12 young (12288K), 12 survivors (12288K)
 Metaspace       used 78835K, capacity 80573K, committed 80752K, reserved 1120256K
  class space    used 10273K, capacity 10982K, committed 11084K, reserved 1048576K
}
Event: 16.624 GC heap before
{Heap before GC invocations=18 (full 0):
 garbage-first heap   total 189440K, used 149082K [0x0000000080000000, 0x0000000100000000)
  region size 1024K, 87 young (89088K), 12 survivors (12288K)
 Metaspace       used 84482K, capacity 86657K, committed 86768K, reserved 1124352K
  class space    used 11093K, capacity 11934K, committed 11980K, reserved 1048576K
}
Event: 16.645 GC heap after
{Heap after GC invocations=19 (full 0):
 garbage-first heap   total 189440K, used 78418K [0x0000000080000000, 0x0000000100000000)
  region size 1024K, 11 young (11264K), 11 survivors (11264K)
 Metaspace       used 84482K, capacity 86657K, committed 86768K, reserved 1124352K
  class space    used 11093K, capacity 11934K, committed 11980K, reserved 1048576K
}
Event: 17.705 GC heap before
{Heap before GC invocations=19 (full 0):
 garbage-first heap   total 189440K, used 150098K [0x0000000080000000, 0x0000000100000000)
  region size 1024K, 82 young (83968K), 11 survivors (11264K)
 Metaspace       used 85281K, capacity 87488K, committed 87664K, reserved 1124352K
  class space    used 11139K, capacity 12022K, committed 12108K, reserved 1048576K
}
Event: 17.725 GC heap after
{Heap after GC invocations=20 (full 0):
 garbage-first heap   total 189440K, used 84360K [0x0000000080000000, 0x0000000100000000)
  region size 1024K, 7 young (7168K), 7 survivors (7168K)
 Metaspace       used 85281K, capacity 87488K, committed 87664K, reserved 1124352K
  class space    used 11139K, capacity 12022K, committed 12108K, reserved 1048576K
}
Event: 18.773 GC heap before
{Heap before GC invocations=20 (full 0):
 garbage-first heap   total 189440K, used 150920K [0x0000000080000000, 0x0000000100000000)
  region size 1024K, 73 young (74752K), 7 survivors (7168K)
 Metaspace       used 89080K, capacity 91344K, committed 91632K, reserved 1128448K
  class space    used 11571K, capacity 12419K, committed 12492K, reserved 1048576K
}
Event: 18.783 GC heap after
{Heap after GC invocations=21 (full 0):
 garbage-first heap   total 227328K, used 87262K [0x0000000080000000, 0x0000000100000000)
  region size 1024K, 3 young (3072K), 3 survivors (3072K)
 Metaspace       used 89080K, capacity 91344K, committed 91632K, reserved 1128448K
  class space    used 11571K, capacity 12419K, committed 12492K, reserved 1048576K
}
Event: 19.871 GC heap before
{Heap before GC invocations=21 (full 0):
 garbage-first heap   total 227328K, used 173278K [0x0000000080000000, 0x0000000100000000)
  region size 1024K, 88 young (90112K), 3 survivors (3072K)
 Metaspace       used 91574K, capacity 93836K, committed 93936K, reserved 1130496K
  class space    used 11845K, capacity 12725K, committed 12748K, reserved 1048576K
}
Event: 19.889 GC heap after
{Heap after GC invocations=22 (full 0):
 garbage-first heap   total 227328K, used 93159K [0x0000000080000000, 0x0000000100000000)
  region size 1024K, 9 young (9216K), 9 survivors (9216K)
 Metaspace       used 91574K, capacity 93836K, committed 93936K, reserved 1130496K
  class space    used 11845K, capacity 12725K, committed 12748K, reserved 1048576K
}
Event: 23.447 GC heap before
{Heap before GC invocations=22 (full 0):
 garbage-first heap   total 227328K, used 177127K [0x0000000080000000, 0x0000000100000000)
  region size 1024K, 92 young (94208K), 9 survivors (9216K)
 Metaspace       used 93223K, capacity 95576K, committed 95728K, reserved 1132544K
  class space    used 12022K, capacity 12929K, committed 13004K, reserved 1048576K
}
Event: 23.470 GC heap after
{Heap after GC invocations=23 (full 0):
 garbage-first heap   total 227328K, used 101702K [0x0000000080000000, 0x0000000100000000)
  region size 1024K, 10 young (10240K), 10 survivors (10240K)
 Metaspace       used 93223K, capacity 95576K, committed 95728K, reserved 1132544K
  class space    used 12022K, capacity 12929K, committed 13004K, reserved 1048576K
}
Event: 24.939 GC heap before
{Heap before GC invocations=23 (full 0):
 garbage-first heap   total 227328K, used 179526K [0x0000000080000000, 0x0000000100000000)
  region size 1024K, 87 young (89088K), 10 survivors (10240K)
 Metaspace       used 96362K, capacity 98698K, committed 98928K, reserved 1134592K
  class space    used 12397K, capacity 13316K, committed 13388K, reserved 1048576K
}
Event: 24.954 GC heap after
{Heap after GC invocations=24 (full 0):
 garbage-first heap   total 227328K, used 104852K [0x0000000080000000, 0x0000000100000000)
  region size 1024K, 7 young (7168K), 7 survivors (7168K)
 Metaspace       used 96362K, capacity 98698K, committed 98928K, reserved 1134592K
  class space    used 12397K, capacity 13316K, committed 13388K, reserved 1048576K
}
Event: 25.604 GC heap before
{Heap before GC invocations=24 (full 0):
 garbage-first heap   total 227328K, used 130452K [0x0000000080000000, 0x0000000100000000)
  region size 1024K, 30 young (30720K), 7 survivors (7168K)
 Metaspace       used 97876K, capacity 100315K, committed 100464K, reserved 1136640K
  class space    used 12592K, capacity 13560K, committed 13644K, reserved 1048576K
}
Event: 25.615 GC heap after
{Heap after GC invocations=25 (full 0):
 garbage-first heap   total 227328K, used 110414K [0x0000000080000000, 0x0000000100000000)
  region size 1024K, 2 young (2048K), 2 survivors (2048K)
 Metaspace       used 97876K, capacity 100315K, committed 100464K, reserved 1136640K
  class space    used 12592K, capacity 13560K, committed 13644K, reserved 1048576K
}
Event: 65.089 GC heap before
{Heap before GC invocations=26 (full 0):
 garbage-first heap   total 227328K, used 187214K [0x0000000080000000, 0x0000000100000000)
  region size 1024K, 72 young (73728K), 2 survivors (2048K)
 Metaspace       used 99157K, capacity 101427K, committed 101948K, reserved 1138688K
  class space    used 12635K, capacity 13505K, committed 13644K, reserved 1048576K
}
Event: 65.105 GC heap after
{Heap after GC invocations=27 (full 0):
 garbage-first heap   total 227328K, used 112228K [0x0000000080000000, 0x0000000100000000)
  region size 1024K, 8 young (8192K), 8 survivors (8192K)
 Metaspace       used 99157K, capacity 101427K, committed 101948K, reserved 1138688K
  class space    used 12635K, capacity 13505K, committed 13644K, reserved 1048576K
}

